[INFO] Scanning for projects...
[INFO] 
[INFO] --------------------< com.merchantsledger:backend >---------------------
[INFO] Building merchant-ledger 0.0.1-SNAPSHOT
[INFO]   from pom.xml
[INFO] --------------------------------[ jar ]---------------------------------
[INFO] 
[INFO] >>> spring-boot:3.2.5:run (default-cli) > test-compile @ backend >>>
[INFO] 
[INFO] --- resources:3.3.1:resources (default-resources) @ backend ---
[INFO] Copying 1 resource from src\main\resources to target\classes
[INFO] Copying 0 resource from src\main\resources to target\classes
[INFO] 
[INFO] --- compiler:3.11.0:compile (default-compile) @ backend ---
[INFO] Nothing to compile - all classes are up to date
[INFO] 
[INFO] --- resources:3.3.1:testResources (default-testResources) @ backend ---
[INFO] skip non existing resourceDirectory C:\Users\hp\OneDrive\Desktop\Shriya Fullstack projects\The Merchant's Ledger\backend\src\test\resources
[INFO] 
[INFO] --- compiler:3.11.0:testCompile (default-testCompile) @ backend ---
[INFO] No sources to compile
[INFO] 
[INFO] <<< spring-boot:3.2.5:run (default-cli) < test-compile @ backend <<<
[INFO] 
[INFO] 
[INFO] --- spring-boot:3.2.5:run (default-cli) @ backend ---
[INFO] Attaching agents: []

  .   ____          _            __ _ _
 /\\ / ___'_ __ _ _(_)_ __  __ _ \ \ \ \
( ( )\___ | '_ | '_| | '_ \/ _` | \ \ \ \
 \\/  ___)| |_)| | | | | || (_| |  ) ) ) )
  '  |____| .__|_| |_|_| |_\__, | / / / /
 =========|_|==============|___/=/_/_/_/
 :: Spring Boot ::                (v3.2.5)

2026-02-03T22:22:19.752+05:30  INFO 26488 --- [           main] c.m.MerchantLedgerApplication            : Starting MerchantLedgerApplication using Java 23.0.1 with PID 26488 (C:\Users\hp\OneDrive\Desktop\Shriya Fullstack projects\The Merchant's Ledger\backend\target\classes started by hp in C:\Users\hp\OneDrive\Desktop\Shriya Fullstack projects\The Merchant's Ledger\backend)
2026-02-03T22:22:19.754+05:30  INFO 26488 --- [           main] c.m.MerchantLedgerApplication            : No active profile set, falling back to 1 default profile: "default"
2026-02-03T22:22:20.494+05:30  INFO 26488 --- [           main] .s.d.r.c.RepositoryConfigurationDelegate : Bootstrapping Spring Data JPA repositories in DEFAULT mode.
2026-02-03T22:22:20.588+05:30  INFO 26488 --- [           main] .s.d.r.c.RepositoryConfigurationDelegate : Finished Spring Data repository scanning in 84 ms. Found 13 JPA repository interfaces.
2026-02-03T22:22:21.234+05:30  INFO 26488 --- [           main] o.s.b.w.embedded.tomcat.TomcatWebServer  : Tomcat initialized with port 8080 (http)
2026-02-03T22:22:21.254+05:30  INFO 26488 --- [           main] o.apache.catalina.core.StandardService   : Starting service [Tomcat]
2026-02-03T22:22:21.255+05:30  INFO 26488 --- [           main] o.apache.catalina.core.StandardEngine    : Starting Servlet engine: [Apache Tomcat/10.1.20]
2026-02-03T22:22:21.352+05:30  INFO 26488 --- [           main] o.a.c.c.C.[Tomcat].[localhost].[/]       : Initializing Spring embedded WebApplicationContext
2026-02-03T22:22:21.354+05:30  INFO 26488 --- [           main] w.s.c.ServletWebServerApplicationContext : Root WebApplicationContext: initialization completed in 1546 ms
2026-02-03T22:22:21.506+05:30  INFO 26488 --- [           main] o.hibernate.jpa.internal.util.LogHelper  : HHH000204: Processing PersistenceUnitInfo [name: default]
2026-02-03T22:22:21.573+05:30  INFO 26488 --- [           main] org.hibernate.Version                    : HHH000412: Hibernate ORM core version 6.4.4.Final
2026-02-03T22:22:21.607+05:30  INFO 26488 --- [           main] o.h.c.internal.RegionFactoryInitiator    : HHH000026: Second-level cache disabled
2026-02-03T22:22:21.858+05:30  INFO 26488 --- [           main] o.s.o.j.p.SpringPersistenceUnitInfo      : No LoadTimeWeaver setup: ignoring JPA class transformer
2026-02-03T22:22:21.886+05:30  INFO 26488 --- [           main] com.zaxxer.hikari.HikariDataSource       : HikariPool-1 - Starting...
2026-02-03T22:22:22.066+05:30  INFO 26488 --- [           main] com.zaxxer.hikari.pool.HikariPool        : HikariPool-1 - Added connection org.postgresql.jdbc.PgConnection@85ab964
2026-02-03T22:22:22.068+05:30  INFO 26488 --- [           main] com.zaxxer.hikari.HikariDataSource       : HikariPool-1 - Start completed.
2026-02-03T22:22:22.133+05:30  WARN 26488 --- [           main] org.hibernate.orm.deprecation            : HHH90000025: PostgreSQLDialect does not need to be specified explicitly using 'hibernate.dialect' (remove the property setting and it will be selected by default)
2026-02-03T22:22:25.320+05:30  INFO 26488 --- [           main] o.h.e.t.j.p.i.JtaPlatformInitiator       : HHH000489: No JTA platform available (set 'hibernate.transaction.jta.platform' to enable JTA platform integration)
2026-02-03T22:22:25.753+05:30  INFO 26488 --- [           main] j.LocalContainerEntityManagerFactoryBean : Initialized JPA EntityManagerFactory for persistence unit 'default'
2026-02-03T22:22:26.605+05:30  INFO 26488 --- [           main] o.s.s.web.DefaultSecurityFilterChain     : Will secure any request with [org.springframework.security.web.session.DisableEncodeUrlFilter@7d453075, org.springframework.security.web.context.request.async.WebAsyncManagerIntegrationFilter@16df0ebd, org.springframework.security.web.context.SecurityContextHolderFilter@2b551e7b, org.springframework.security.web.header.HeaderWriterFilter@257e8c43, org.springframework.web.filter.CorsFilter@29becf8b, org.springframework.security.web.authentication.logout.LogoutFilter@1043c493, com.merchantsledger.config.JwtAuthFilter@4c1fed69, org.springframework.security.web.savedrequest.RequestCacheAwareFilter@1e5921ec, org.springframework.security.web.servletapi.SecurityContextHolderAwareRequestFilter@309b6768, org.springframework.security.web.authentication.AnonymousAuthenticationFilter@628b1538, org.springframework.security.web.session.SessionManagementFilter@5069a91b, org.springframework.security.web.access.ExceptionTranslationFilter@2e4262d2, org.springframework.security.web.access.intercept.AuthorizationFilter@6df0d030]
2026-02-03T22:22:26.801+05:30  WARN 26488 --- [           main] ConfigServletWebServerApplicationContext : Exception encountered during context initialization - cancelling refresh attempt: org.springframework.context.ApplicationContextException: Failed to start bean 'webServerStartStop'
2026-02-03T22:22:26.804+05:30  INFO 26488 --- [           main] j.LocalContainerEntityManagerFactoryBean : Closing JPA EntityManagerFactory for persistence unit 'default'
2026-02-03T22:22:26.806+05:30  INFO 26488 --- [           main] com.zaxxer.hikari.HikariDataSource       : HikariPool-1 - Shutdown initiated...
2026-02-03T22:22:26.809+05:30  INFO 26488 --- [           main] com.zaxxer.hikari.HikariDataSource       : HikariPool-1 - Shutdown completed.
2026-02-03T22:22:26.826+05:30  INFO 26488 --- [           main] .s.b.a.l.ConditionEvaluationReportLogger : 

Error starting ApplicationContext. To display the condition evaluation report re-run your application with 'debug' enabled.
2026-02-03T22:22:26.842+05:30 ERROR 26488 --- [           main] o.s.b.d.LoggingFailureAnalysisReporter   : 

***************************
APPLICATION FAILED TO START
***************************

Description:

Web server failed to start. Port 8080 was already in use.

Action:

Identify and stop the process that's listening on port 8080 or configure this application to listen on another port.

[INFO] ------------------------------------------------------------------------
[INFO] BUILD FAILURE
[INFO] ------------------------------------------------------------------------
[INFO] Total time:  9.988 s
[INFO] Finished at: 2026-02-03T22:22:26+05:30
[INFO] ------------------------------------------------------------------------
[ERROR] Failed to execute goal org.springframework.boot:spring-boot-maven-plugin:3.2.5:run (default-cli) on project backend: Process terminated with exit code: 1 -> [Help 1]
[ERROR] 
[ERROR] To see the full stack trace of the errors, re-run Maven with the -e switch.
[ERROR] Re-run Maven using the -X switch to enable full debug logging.
[ERROR] 
[ERROR] For more information about the errors and possible solutions, please read the following articles:
[ERROR] [Help 1] http://cwiki.apache.org/confluence/display/MAVEN/MojoExecutionException
