[INFO] Scanning for projects...
[INFO] 
[INFO] --------------------< com.merchantsledger:backend >---------------------
[INFO] Building merchant-ledger 0.0.1-SNAPSHOT
[INFO]   from pom.xml
[INFO] --------------------------------[ jar ]---------------------------------
[INFO] 
[INFO] >>> spring-boot:3.2.5:run (default-cli) > test-compile @ backend >>>
[INFO] 
[INFO] --- resources:3.3.1:resources (default-resources) @ backend ---
[INFO] Copying 1 resource from src\main\resources to target\classes
[INFO] Copying 0 resource from src\main\resources to target\classes
[INFO] 
[INFO] --- compiler:3.11.0:compile (default-compile) @ backend ---
[INFO] Nothing to compile - all classes are up to date
[INFO] 
[INFO] --- resources:3.3.1:testResources (default-testResources) @ backend ---
[INFO] skip non existing resourceDirectory C:\Users\hp\OneDrive\Desktop\Shriya Fullstack projects\The Merchant's Ledger\backend\src\test\resources
[INFO] 
[INFO] --- compiler:3.11.0:testCompile (default-testCompile) @ backend ---
[INFO] No sources to compile
[INFO] 
[INFO] <<< spring-boot:3.2.5:run (default-cli) < test-compile @ backend <<<
[INFO] 
[INFO] 
[INFO] --- spring-boot:3.2.5:run (default-cli) @ backend ---
[INFO] Attaching agents: []

  .   ____          _            __ _ _
 /\\ / ___'_ __ _ _(_)_ __  __ _ \ \ \ \
( ( )\___ | '_ | '_| | '_ \/ _` | \ \ \ \
 \\/  ___)| |_)| | | | | || (_| |  ) ) ) )
  '  |____| .__|_| |_|_| |_\__, | / / / /
 =========|_|==============|___/=/_/_/_/
 :: Spring Boot ::                (v3.2.5)

2026-02-03T22:25:01.476+05:30  INFO 11692 --- [           main] c.m.MerchantLedgerApplication            : Starting MerchantLedgerApplication using Java 23.0.1 with PID 11692 (C:\Users\hp\OneDrive\Desktop\Shriya Fullstack projects\The Merchant's Ledger\backend\target\classes started by hp in C:\Users\hp\OneDrive\Desktop\Shriya Fullstack projects\The Merchant's Ledger\backend)
2026-02-03T22:25:01.478+05:30  INFO 11692 --- [           main] c.m.MerchantLedgerApplication            : No active profile set, falling back to 1 default profile: "default"
2026-02-03T22:25:02.064+05:30  INFO 11692 --- [           main] .s.d.r.c.RepositoryConfigurationDelegate : Bootstrapping Spring Data JPA repositories in DEFAULT mode.
2026-02-03T22:25:02.138+05:30  INFO 11692 --- [           main] .s.d.r.c.RepositoryConfigurationDelegate : Finished Spring Data repository scanning in 67 ms. Found 13 JPA repository interfaces.
2026-02-03T22:25:02.594+05:30  INFO 11692 --- [           main] o.s.b.w.embedded.tomcat.TomcatWebServer  : Tomcat initialized with port 8080 (http)
2026-02-03T22:25:02.608+05:30  INFO 11692 --- [           main] o.apache.catalina.core.StandardService   : Starting service [Tomcat]
2026-02-03T22:25:02.608+05:30  INFO 11692 --- [           main] o.apache.catalina.core.StandardEngine    : Starting Servlet engine: [Apache Tomcat/10.1.20]
2026-02-03T22:25:02.666+05:30  INFO 11692 --- [           main] o.a.c.c.C.[Tomcat].[localhost].[/]       : Initializing Spring embedded WebApplicationContext
2026-02-03T22:25:02.667+05:30  INFO 11692 --- [           main] w.s.c.ServletWebServerApplicationContext : Root WebApplicationContext: initialization completed in 1142 ms
2026-02-03T22:25:02.777+05:30  INFO 11692 --- [           main] o.hibernate.jpa.internal.util.LogHelper  : HHH000204: Processing PersistenceUnitInfo [name: default]
2026-02-03T22:25:02.837+05:30  INFO 11692 --- [           main] org.hibernate.Version                    : HHH000412: Hibernate ORM core version 6.4.4.Final
2026-02-03T22:25:02.870+05:30  INFO 11692 --- [           main] o.h.c.internal.RegionFactoryInitiator    : HHH000026: Second-level cache disabled
2026-02-03T22:25:03.088+05:30  INFO 11692 --- [           main] o.s.o.j.p.SpringPersistenceUnitInfo      : No LoadTimeWeaver setup: ignoring JPA class transformer
2026-02-03T22:25:03.112+05:30  INFO 11692 --- [           main] com.zaxxer.hikari.HikariDataSource       : HikariPool-1 - Starting...
2026-02-03T22:25:03.271+05:30  INFO 11692 --- [           main] com.zaxxer.hikari.pool.HikariPool        : HikariPool-1 - Added connection org.postgresql.jdbc.PgConnection@64fdcf99
2026-02-03T22:25:03.273+05:30  INFO 11692 --- [           main] com.zaxxer.hikari.HikariDataSource       : HikariPool-1 - Start completed.
2026-02-03T22:25:03.322+05:30  WARN 11692 --- [           main] org.hibernate.orm.deprecation            : HHH90000025: PostgreSQLDialect does not need to be specified explicitly using 'hibernate.dialect' (remove the property setting and it will be selected by default)
2026-02-03T22:25:04.378+05:30  INFO 11692 --- [           main] o.h.e.t.j.p.i.JtaPlatformInitiator       : HHH000489: No JTA platform available (set 'hibernate.transaction.jta.platform' to enable JTA platform integration)
2026-02-03T22:25:04.538+05:30  INFO 11692 --- [           main] j.LocalContainerEntityManagerFactoryBean : Initialized JPA EntityManagerFactory for persistence unit 'default'
2026-02-03T22:25:05.239+05:30  INFO 11692 --- [           main] o.s.s.web.DefaultSecurityFilterChain     : Will secure any request with [org.springframework.security.web.session.DisableEncodeUrlFilter@70313b0b, org.springframework.security.web.context.request.async.WebAsyncManagerIntegrationFilter@5da16ed6, org.springframework.security.web.context.SecurityContextHolderFilter@648c80cb, org.springframework.security.web.header.HeaderWriterFilter@36e95b7b, org.springframework.web.filter.CorsFilter@444720b7, org.springframework.security.web.authentication.logout.LogoutFilter@3dd8b40e, com.merchantsledger.config.JwtAuthFilter@3733b1f4, org.springframework.security.web.savedrequest.RequestCacheAwareFilter@157a2c86, org.springframework.security.web.servletapi.SecurityContextHolderAwareRequestFilter@5b9c74a, org.springframework.security.web.authentication.AnonymousAuthenticationFilter@529fda9f, org.springframework.security.web.session.SessionManagementFilter@3f523dae, org.springframework.security.web.access.ExceptionTranslationFilter@322399e6, org.springframework.security.web.access.intercept.AuthorizationFilter@4dcc0e3d]
2026-02-03T22:25:05.427+05:30  INFO 11692 --- [           main] o.s.b.w.embedded.tomcat.TomcatWebServer  : Tomcat started on port 8080 (http) with context path ''
2026-02-03T22:25:05.428+05:30  INFO 11692 --- [           main] o.s.m.s.b.SimpleBrokerMessageHandler     : Starting...
2026-02-03T22:25:05.430+05:30  INFO 11692 --- [           main] o.s.m.s.b.SimpleBrokerMessageHandler     : BrokerAvailabilityEvent[available=true, SimpleBrokerMessageHandler [org.springframework.messaging.simp.broker.DefaultSubscriptionRegistry@47184859]]
2026-02-03T22:25:05.431+05:30  INFO 11692 --- [           main] o.s.m.s.b.SimpleBrokerMessageHandler     : Started.
2026-02-03T22:25:05.435+05:30  INFO 11692 --- [           main] c.m.MerchantLedgerApplication            : Started MerchantLedgerApplication in 4.29 seconds (process running for 4.567)
2026-02-03T22:25:11.056+05:30  INFO 11692 --- [nio-8080-exec-1] o.a.c.c.C.[Tomcat].[localhost].[/]       : Initializing Spring DispatcherServlet 'dispatcherServlet'
2026-02-03T22:25:11.057+05:30  INFO 11692 --- [nio-8080-exec-1] o.s.web.servlet.DispatcherServlet        : Initializing Servlet 'dispatcherServlet'
2026-02-03T22:25:11.058+05:30  INFO 11692 --- [nio-8080-exec-1] o.s.web.servlet.DispatcherServlet        : Completed initialization in 1 ms
2026-02-03T22:26:05.433+05:30  INFO 11692 --- [MessageBroker-1] o.s.w.s.c.WebSocketMessageBrokerStats    : WebSocketSession[0 current WS(0)-HttpStream(0)-HttpPoll(0), 0 total, 0 closed abnormally (0 connect failure, 0 send limit, 0 transport error)], stompSubProtocol[processed CONNECT(0)-CONNECTED(0)-DISCONNECT(0)], stompBrokerRelay[null], inboundChannel[pool size = 0, active threads = 0, queued tasks = 0, completed tasks = 0], outboundChannel[pool size = 0, active threads = 0, queued tasks = 0, completed tasks = 0], sockJsScheduler[pool size = 1, active threads = 1, queued tasks = 0, completed tasks = 0]
[INFO] ------------------------------------------------------------------------
[INFO] BUILD FAILURE
[INFO] ------------------------------------------------------------------------
[INFO] Total time:  02:21 min
[INFO] Finished at: 2026-02-03T22:27:20+05:30
[INFO] ------------------------------------------------------------------------
[ERROR] Failed to execute goal org.springframework.boot:spring-boot-maven-plugin:3.2.5:run (default-cli) on project backend: Process terminated with exit code: -1 -> [Help 1]
[ERROR] 
[ERROR] To see the full stack trace of the errors, re-run Maven with the -e switch.
[ERROR] Re-run Maven using the -X switch to enable full debug logging.
[ERROR] 
[ERROR] For more information about the errors and possible solutions, please read the following articles:
[ERROR] [Help 1] http://cwiki.apache.org/confluence/display/MAVEN/MojoExecutionException
