[INFO] Scanning for projects...
[INFO] 
[INFO] --------------------< com.merchantsledger:backend >---------------------
[INFO] Building merchant-ledger 0.0.1-SNAPSHOT
[INFO]   from pom.xml
[INFO] --------------------------------[ jar ]---------------------------------
[INFO] 
[INFO] >>> spring-boot:3.2.5:run (default-cli) > test-compile @ backend >>>
[INFO] 
[INFO] --- resources:3.3.1:resources (default-resources) @ backend ---
[INFO] Copying 1 resource from src\main\resources to target\classes
[INFO] Copying 0 resource from src\main\resources to target\classes
[INFO] 
[INFO] --- compiler:3.11.0:compile (default-compile) @ backend ---
[INFO] Nothing to compile - all classes are up to date
[INFO] 
[INFO] --- resources:3.3.1:testResources (default-testResources) @ backend ---
[INFO] skip non existing resourceDirectory C:\Users\hp\OneDrive\Desktop\Shriya Fullstack projects\The Merchant's Ledger\backend\src\test\resources
[INFO] 
[INFO] --- compiler:3.11.0:testCompile (default-testCompile) @ backend ---
[INFO] No sources to compile
[INFO] 
[INFO] <<< spring-boot:3.2.5:run (default-cli) < test-compile @ backend <<<
[INFO] 
[INFO] 
[INFO] --- spring-boot:3.2.5:run (default-cli) @ backend ---
[INFO] Attaching agents: []

  .   ____          _            __ _ _
 /\\ / ___'_ __ _ _(_)_ __  __ _ \ \ \ \
( ( )\___ | '_ | '_| | '_ \/ _` | \ \ \ \
 \\/  ___)| |_)| | | | | || (_| |  ) ) ) )
  '  |____| .__|_| |_|_| |_\__, | / / / /
 =========|_|==============|___/=/_/_/_/
 :: Spring Boot ::                (v3.2.5)

2026-02-03T22:27:24.954+05:30  INFO 4756 --- [           main] c.m.MerchantLedgerApplication            : Starting MerchantLedgerApplication using Java 23.0.1 with PID 4756 (C:\Users\hp\OneDrive\Desktop\Shriya Fullstack projects\The Merchant's Ledger\backend\target\classes started by hp in C:\Users\hp\OneDrive\Desktop\Shriya Fullstack projects\The Merchant's Ledger\backend)
2026-02-03T22:27:24.956+05:30  INFO 4756 --- [           main] c.m.MerchantLedgerApplication            : No active profile set, falling back to 1 default profile: "default"
2026-02-03T22:27:25.614+05:30  INFO 4756 --- [           main] .s.d.r.c.RepositoryConfigurationDelegate : Bootstrapping Spring Data JPA repositories in DEFAULT mode.
2026-02-03T22:27:25.690+05:30  INFO 4756 --- [           main] .s.d.r.c.RepositoryConfigurationDelegate : Finished Spring Data repository scanning in 68 ms. Found 13 JPA repository interfaces.
2026-02-03T22:27:26.191+05:30  INFO 4756 --- [           main] o.s.b.w.embedded.tomcat.TomcatWebServer  : Tomcat initialized with port 8080 (http)
2026-02-03T22:27:26.206+05:30  INFO 4756 --- [           main] o.apache.catalina.core.StandardService   : Starting service [Tomcat]
2026-02-03T22:27:26.207+05:30  INFO 4756 --- [           main] o.apache.catalina.core.StandardEngine    : Starting Servlet engine: [Apache Tomcat/10.1.20]
2026-02-03T22:27:26.272+05:30  INFO 4756 --- [           main] o.a.c.c.C.[Tomcat].[localhost].[/]       : Initializing Spring embedded WebApplicationContext
2026-02-03T22:27:26.274+05:30  INFO 4756 --- [           main] w.s.c.ServletWebServerApplicationContext : Root WebApplicationContext: initialization completed in 1263 ms
2026-02-03T22:27:26.411+05:30  INFO 4756 --- [           main] o.hibernate.jpa.internal.util.LogHelper  : HHH000204: Processing PersistenceUnitInfo [name: default]
2026-02-03T22:27:26.476+05:30  INFO 4756 --- [           main] org.hibernate.Version                    : HHH000412: Hibernate ORM core version 6.4.4.Final
2026-02-03T22:27:26.512+05:30  INFO 4756 --- [           main] o.h.c.internal.RegionFactoryInitiator    : HHH000026: Second-level cache disabled
2026-02-03T22:27:26.740+05:30  INFO 4756 --- [           main] o.s.o.j.p.SpringPersistenceUnitInfo      : No LoadTimeWeaver setup: ignoring JPA class transformer
2026-02-03T22:27:26.767+05:30  INFO 4756 --- [           main] com.zaxxer.hikari.HikariDataSource       : HikariPool-1 - Starting...
2026-02-03T22:27:26.932+05:30  INFO 4756 --- [           main] com.zaxxer.hikari.pool.HikariPool        : HikariPool-1 - Added connection org.postgresql.jdbc.PgConnection@4239262e
2026-02-03T22:27:26.934+05:30  INFO 4756 --- [           main] com.zaxxer.hikari.HikariDataSource       : HikariPool-1 - Start completed.
2026-02-03T22:27:26.967+05:30  WARN 4756 --- [           main] org.hibernate.orm.deprecation            : HHH90000025: PostgreSQLDialect does not need to be specified explicitly using 'hibernate.dialect' (remove the property setting and it will be selected by default)
2026-02-03T22:27:28.059+05:30  INFO 4756 --- [           main] o.h.e.t.j.p.i.JtaPlatformInitiator       : HHH000489: No JTA platform available (set 'hibernate.transaction.jta.platform' to enable JTA platform integration)
2026-02-03T22:27:28.206+05:30  INFO 4756 --- [           main] j.LocalContainerEntityManagerFactoryBean : Initialized JPA EntityManagerFactory for persistence unit 'default'
2026-02-03T22:27:28.991+05:30  INFO 4756 --- [           main] o.s.s.web.DefaultSecurityFilterChain     : Will secure any request with [org.springframework.security.web.session.DisableEncodeUrlFilter@421c057a, org.springframework.security.web.context.request.async.WebAsyncManagerIntegrationFilter@16448827, org.springframework.security.web.context.SecurityContextHolderFilter@3431cb1f, org.springframework.security.web.header.HeaderWriterFilter@2060df8, org.springframework.web.filter.CorsFilter@2943e61c, org.springframework.security.web.authentication.logout.LogoutFilter@33319df0, com.merchantsledger.config.JwtAuthFilter@33a58fcb, org.springframework.security.web.savedrequest.RequestCacheAwareFilter@797c67c, org.springframework.security.web.servletapi.SecurityContextHolderAwareRequestFilter@31ce271c, org.springframework.security.web.authentication.AnonymousAuthenticationFilter@6bab373c, org.springframework.security.web.session.SessionManagementFilter@7a4199e5, org.springframework.security.web.access.ExceptionTranslationFilter@7c08461b, org.springframework.security.web.access.intercept.AuthorizationFilter@7104b117]
2026-02-03T22:27:29.185+05:30  INFO 4756 --- [           main] o.s.b.w.embedded.tomcat.TomcatWebServer  : Tomcat started on port 8080 (http) with context path ''
2026-02-03T22:27:29.187+05:30  INFO 4756 --- [           main] o.s.m.s.b.SimpleBrokerMessageHandler     : Starting...
2026-02-03T22:27:29.188+05:30  INFO 4756 --- [           main] o.s.m.s.b.SimpleBrokerMessageHandler     : BrokerAvailabilityEvent[available=true, SimpleBrokerMessageHandler [org.springframework.messaging.simp.broker.DefaultSubscriptionRegistry@5aa026e9]]
2026-02-03T22:27:29.189+05:30  INFO 4756 --- [           main] o.s.m.s.b.SimpleBrokerMessageHandler     : Started.
2026-02-03T22:27:29.194+05:30  INFO 4756 --- [           main] c.m.MerchantLedgerApplication            : Started MerchantLedgerApplication in 4.579 seconds (process running for 4.895)
2026-02-03T22:27:35.492+05:30  INFO 4756 --- [nio-8080-exec-1] o.a.c.c.C.[Tomcat].[localhost].[/]       : Initializing Spring DispatcherServlet 'dispatcherServlet'
2026-02-03T22:27:35.494+05:30  INFO 4756 --- [nio-8080-exec-1] o.s.web.servlet.DispatcherServlet        : Initializing Servlet 'dispatcherServlet'
2026-02-03T22:27:35.498+05:30  INFO 4756 --- [nio-8080-exec-1] o.s.web.servlet.DispatcherServlet        : Completed initialization in 2 ms
